============================= test session starts ==============================
platform darwin -- Python 3.9.6, pytest-8.4.2, pluggy-1.6.0 -- /Library/Developer/CommandLineTools/usr/bin/python3
cachedir: .pytest_cache
rootdir: /Users/tanhiowyatt/tanhioHoneypot
configfile: pytest.ini
plugins: asyncio-1.2.0, anyio-4.12.0, cov-7.0.0
asyncio: mode=auto, debug=False, asyncio_default_fixture_loop_scope=None, asyncio_default_test_loop_scope=function
collecting ... collected 8 items

tests/integration/test_services.py::test_http_service PASSED             [ 12%]
tests/integration/test_services.py::test_mysql_service PASSED            [ 25%]
tests/integration/test_ssh.py::test_ssh_connection_and_auth 
-------------------------------- live log call ---------------------------------
INFO     asyncssh:logging.py:92 Opening SSH connection to 127.0.0.1, port 2222
INFO     asyncssh:logging.py:92 [conn=0] Connected to SSH server at 127.0.0.1, port 2222
INFO     asyncssh:logging.py:92 [conn=0]   Local address: 127.0.0.1, port 53728
INFO     asyncssh:logging.py:92 [conn=0]   Peer address: 127.0.0.1, port 2222
INFO     asyncssh:logging.py:92 [conn=0] Beginning auth for user root
INFO     asyncssh:logging.py:92 [conn=0] Auth for user root succeeded
INFO     asyncssh:logging.py:92 [conn=0] Closing connection
INFO     asyncssh:logging.py:92 [conn=0] Sending disconnect: Disconnected by application (11)
INFO     asyncssh:logging.py:92 [conn=0] Connection closed
PASSED                                                                   [ 37%]
tests/integration/test_ssh.py::test_ssh_simple_command 
-------------------------------- live log call ---------------------------------
INFO     asyncssh:logging.py:92 Opening SSH connection to 127.0.0.1, port 2222
INFO     asyncssh:logging.py:92 [conn=1] Connected to SSH server at 127.0.0.1, port 2222
INFO     asyncssh:logging.py:92 [conn=1]   Local address: 127.0.0.1, port 53729
INFO     asyncssh:logging.py:92 [conn=1]   Peer address: 127.0.0.1, port 2222
INFO     asyncssh:logging.py:92 [conn=1] Beginning auth for user root
INFO     asyncssh:logging.py:92 [conn=1] Auth for user root succeeded
INFO     asyncssh:logging.py:92 [conn=1, chan=0] Requesting new SSH session
INFO     asyncssh:logging.py:92 [conn=1, chan=0]   Command: whoami
INFO     asyncssh:logging.py:92 [conn=1, chan=0] Received exit status 0
INFO     asyncssh:logging.py:92 [conn=1, chan=0] Received channel close
INFO     asyncssh:logging.py:92 [conn=1, chan=0] Channel closed
INFO     asyncssh:logging.py:92 [conn=1] Closing connection
INFO     asyncssh:logging.py:92 [conn=1] Sending disconnect: Disconnected by application (11)
INFO     asyncssh:logging.py:92 [conn=1] Connection closed
PASSED                                                                   [ 50%]
tests/integration/test_ssh.py::test_ssh_filesystem_access 
-------------------------------- live log call ---------------------------------
INFO     asyncssh:logging.py:92 Opening SSH connection to 127.0.0.1, port 2222
INFO     asyncssh:logging.py:92 [conn=2] Connected to SSH server at 127.0.0.1, port 2222
INFO     asyncssh:logging.py:92 [conn=2]   Local address: 127.0.0.1, port 53730
INFO     asyncssh:logging.py:92 [conn=2]   Peer address: 127.0.0.1, port 2222
INFO     asyncssh:logging.py:92 [conn=2] Beginning auth for user root
INFO     asyncssh:logging.py:92 [conn=2] Auth for user root succeeded
INFO     asyncssh:logging.py:92 [conn=2, chan=0] Requesting new SSH session
INFO     asyncssh:logging.py:92 [conn=2, chan=0]   Command: ls /home/admin
INFO     asyncssh:logging.py:92 [conn=2, chan=0] Received exit status 0
INFO     asyncssh:logging.py:92 [conn=2, chan=0] Received channel close
INFO     asyncssh:logging.py:92 [conn=2, chan=0] Channel closed
INFO     asyncssh:logging.py:92 [conn=2, chan=1] Requesting new SSH session
INFO     asyncssh:logging.py:92 [conn=2, chan=1]   Command: cat /home/admin/flag.txt
INFO     asyncssh:logging.py:92 [conn=2, chan=1] Received exit status 0
INFO     asyncssh:logging.py:92 [conn=2, chan=1] Received channel close
INFO     asyncssh:logging.py:92 [conn=2, chan=1] Channel closed
INFO     asyncssh:logging.py:92 [conn=2] Closing connection
INFO     asyncssh:logging.py:92 [conn=2] Sending disconnect: Disconnected by application (11)
INFO     asyncssh:logging.py:92 [conn=2] Connection closed
PASSED                                                                   [ 62%]
tests/integration/test_ssh.py::test_ssh_interactive_shell 
-------------------------------- live log call ---------------------------------
INFO     asyncssh:logging.py:92 Opening SSH connection to 127.0.0.1, port 2222
INFO     asyncssh:logging.py:92 [conn=3] Connected to SSH server at 127.0.0.1, port 2222
INFO     asyncssh:logging.py:92 [conn=3]   Local address: 127.0.0.1, port 53731
INFO     asyncssh:logging.py:92 [conn=3]   Peer address: 127.0.0.1, port 2222
INFO     asyncssh:logging.py:92 [conn=3] Beginning auth for user root
INFO     asyncssh:logging.py:92 [conn=3] Auth for user root succeeded
INFO     asyncssh:logging.py:92 [conn=3, chan=0] Requesting new SSH session
INFO     asyncssh:logging.py:92 [conn=3, chan=0]   Interactive shell requested
INFO     asyncssh:logging.py:92 [conn=3, chan=0] Closing channel
INFO     asyncssh:logging.py:92 [conn=3] Closing connection
INFO     asyncssh:logging.py:92 [conn=3, chan=0] Closing channel
INFO     asyncssh:logging.py:92 [conn=3] Sending disconnect: Disconnected by application (11)
INFO     asyncssh:logging.py:92 [conn=3] Connection closed
INFO     asyncssh:logging.py:92 [conn=3, chan=0] Closing channel due to connection close
PASSED                                                                   [ 75%]
tests/integration/test_ssh.py::test_ssh_advanced_commands 
-------------------------------- live log call ---------------------------------
INFO     asyncssh:logging.py:92 Opening SSH connection to 127.0.0.1, port 2222
INFO     asyncssh:logging.py:92 [conn=4] Connected to SSH server at 127.0.0.1, port 2222
INFO     asyncssh:logging.py:92 [conn=4]   Local address: 127.0.0.1, port 53732
INFO     asyncssh:logging.py:92 [conn=4]   Peer address: 127.0.0.1, port 2222
INFO     asyncssh:logging.py:92 [conn=4] Beginning auth for user root
INFO     asyncssh:logging.py:92 [conn=4] Auth for user root succeeded
INFO     asyncssh:logging.py:92 [conn=4, chan=0] Requesting new SSH session
INFO     asyncssh:logging.py:92 [conn=4, chan=0]   Command: who
INFO     asyncssh:logging.py:92 [conn=4, chan=0] Received exit status 0
INFO     asyncssh:logging.py:92 [conn=4, chan=0] Received channel close
INFO     asyncssh:logging.py:92 [conn=4, chan=0] Channel closed
INFO     asyncssh:logging.py:92 [conn=4] Closing connection
INFO     asyncssh:logging.py:92 [conn=4] Sending disconnect: Disconnected by application (11)
INFO     asyncssh:logging.py:92 [conn=4] Connection closed
PASSED                                                                   [ 87%]
tests/integration/test_telnet.py::test_telnet_login_flow PASSED          [100%]

=============================== warnings summary ===============================
../Library/Python/3.9/lib/python/site-packages/asyncssh/crypto/cipher.py:29
  /Users/tanhiowyatt/Library/Python/3.9/lib/python/site-packages/asyncssh/crypto/cipher.py:29: CryptographyDeprecationWarning: ARC4 has been moved to cryptography.hazmat.decrepit.ciphers.algorithms.ARC4 and will be removed from cryptography.hazmat.primitives.ciphers.algorithms in 48.0.0.
    from cryptography.hazmat.primitives.ciphers.algorithms import AES, ARC4

../Library/Python/3.9/lib/python/site-packages/asyncssh/crypto/cipher.py:30
  /Users/tanhiowyatt/Library/Python/3.9/lib/python/site-packages/asyncssh/crypto/cipher.py:30: CryptographyDeprecationWarning: TripleDES has been moved to cryptography.hazmat.decrepit.ciphers.algorithms.TripleDES and will be removed from cryptography.hazmat.primitives.ciphers.algorithms in 48.0.0.
    from cryptography.hazmat.primitives.ciphers.algorithms import TripleDES

-- Docs: https://docs.pytest.org/en/stable/how-to/capture-warnings.html
================================ tests coverage ================================
_______________ coverage: platform darwin, python 3.9.6-final-0 ________________

Name                          Stmts   Miss  Cover
-------------------------------------------------
honeypot.py                     244    206    16%
src/core/fake_filesystem.py      36     26    28%
src/core/shell_emulator.py      106     91    14%
src/utils/logging_system.py      58     46    21%
-------------------------------------------------
TOTAL                           444    369    17%
======================== 8 passed, 2 warnings in 0.92s =========================
